Started GET "/" for ::1 at 2022-12-05 15:08:56 +0200
Processing by Rails::WelcomeController#index as HTML
  Rendering /home/looh16/.rbenv/versions/3.1.2/lib/ruby/gems/3.1.0/gems/railties-7.0.4/lib/rails/templates/rails/welcome/index.html.erb
  Rendered /home/looh16/.rbenv/versions/3.1.2/lib/ruby/gems/3.1.0/gems/railties-7.0.4/lib/rails/templates/rails/welcome/index.html.erb (Duration: 1.0ms | Allocations: 585)
Completed 200 OK in 14ms (Views: 3.2ms | ActiveRecord: 0.0ms | Allocations: 4578)


Started GET "/" for ::1 at 2022-12-05 15:11:32 +0200
Processing by RootController#index as HTML
  Rendering layout layouts/application.html.erb
  Rendering root/index.html.erb within layouts/application
  Rendered root/index.html.erb within layouts/application (Duration: 0.3ms | Allocations: 282)
  Rendered layout layouts/application.html.erb (Duration: 342.4ms | Allocations: 69293)
Completed 200 OK in 346ms (Views: 343.6ms | ActiveRecord: 0.0ms | Allocations: 72216)


Started GET "/" for ::1 at 2022-12-05 15:12:40 +0200
Processing by RootController#index as HTML
  Rendering layout layouts/application.html.erb
  Rendering root/index.html.erb within layouts/application
  Rendered root/index.html.erb within layouts/application (Duration: 0.3ms | Allocations: 282)
  Rendered layout layouts/application.html.erb (Duration: 60.0ms | Allocations: 22937)
Completed 200 OK in 63ms (Views: 61.2ms | ActiveRecord: 0.0ms | Allocations: 25861)


Started GET "/" for ::1 at 2022-12-05 15:12:53 +0200
Processing by RootController#index as HTML
  Rendering layout layouts/application.html.erb
  Rendering root/index.html.erb within layouts/application
  Rendered root/index.html.erb within layouts/application (Duration: 0.0ms | Allocations: 9)
  Rendered layout layouts/application.html.erb (Duration: 148.6ms | Allocations: 6587)
Completed 200 OK in 149ms (Views: 149.1ms | ActiveRecord: 0.0ms | Allocations: 6889)


Started GET "/" for ::1 at 2022-12-05 15:12:58 +0200
Processing by RootController#index as HTML
  Rendering layout layouts/application.html.erb
  Rendering root/index.html.erb within layouts/application
  Rendered root/index.html.erb within layouts/application (Duration: 0.0ms | Allocations: 7)
  Rendered layout layouts/application.html.erb (Duration: 3.9ms | Allocations: 2323)
Completed 200 OK in 5ms (Views: 4.6ms | ActiveRecord: 0.0ms | Allocations: 2563)


Started GET "/" for ::1 at 2022-12-05 15:13:00 +0200
Processing by RootController#index as HTML
  Rendering layout layouts/application.html.erb
  Rendering root/index.html.erb within layouts/application
  Rendered root/index.html.erb within layouts/application (Duration: 0.0ms | Allocations: 7)
  Rendered layout layouts/application.html.erb (Duration: 10.0ms | Allocations: 2360)
Completed 200 OK in 11ms (Views: 10.6ms | ActiveRecord: 0.0ms | Allocations: 2600)


  [1m[35m (87.1ms)[0m  [1m[35mCREATE TABLE "schema_migrations" ("version" varchar NOT NULL PRIMARY KEY)[0m
  [1m[35m (82.8ms)[0m  [1m[35mCREATE TABLE "ar_internal_metadata" ("key" varchar NOT NULL PRIMARY KEY, "value" varchar, "created_at" datetime(6) NOT NULL, "updated_at" datetime(6) NOT NULL)[0m
  [1m[36mActiveRecord::SchemaMigration Pluck (0.2ms)[0m  [1m[34mSELECT "schema_migrations"."version" FROM "schema_migrations" ORDER BY "schema_migrations"."version" ASC[0m
Migrating to CreateMessages (20221205133513)
  [1m[36mTRANSACTION (0.3ms)[0m  [1m[36mbegin transaction[0m
  [1m[35m (0.2ms)[0m  [1m[35mCREATE TABLE "messages" ("id" integer PRIMARY KEY AUTOINCREMENT NOT NULL, "description" varchar, "created_at" datetime(6) NOT NULL, "updated_at" datetime(6) NOT NULL)[0m
  [1m[36mActiveRecord::SchemaMigration Create (0.4ms)[0m  [1m[32mINSERT INTO "schema_migrations" ("version") VALUES (?)[0m  [["version", "20221205133513"]]
  [1m[36mTRANSACTION (98.0ms)[0m  [1m[36mcommit transaction[0m
  [1m[36mActiveRecord::InternalMetadata Load (0.2ms)[0m  [1m[34mSELECT "ar_internal_metadata".* FROM "ar_internal_metadata" WHERE "ar_internal_metadata"."key" = ? LIMIT ?[0m  [["key", "environment"], ["LIMIT", 1]]
  [1m[36mTRANSACTION (0.1ms)[0m  [1m[36mbegin transaction[0m
  [1m[36mActiveRecord::InternalMetadata Create (0.3ms)[0m  [1m[32mINSERT INTO "ar_internal_metadata" ("key", "value", "created_at", "updated_at") VALUES (?, ?, ?, ?)[0m  [["key", "environment"], ["value", "development"], ["created_at", "2022-12-05 13:35:40.717989"], ["updated_at", "2022-12-05 13:35:40.717989"]]
  [1m[36mTRANSACTION (65.1ms)[0m  [1m[36mcommit transaction[0m
  [1m[36mActiveRecord::SchemaMigration Pluck (0.1ms)[0m  [1m[34mSELECT "schema_migrations"."version" FROM "schema_migrations" ORDER BY "schema_migrations"."version" ASC[0m
  [1m[36mActiveRecord::SchemaMigration Pluck (0.1ms)[0m  [1m[34mSELECT "schema_migrations"."version" FROM "schema_migrations" ORDER BY "schema_migrations"."version" ASC[0m
  [1m[36mMessage Load (0.0ms)[0m  [1m[34mSELECT "messages".* FROM "messages"[0m
  [1m[36mTRANSACTION (0.0ms)[0m  [1m[36mbegin transaction[0m
  [1m[36mMessage Create (0.1ms)[0m  [1m[32mINSERT INTO "messages" ("description", "created_at", "updated_at") VALUES (?, ?, ?)[0m  [["description", "Hello!"], ["created_at", "2022-12-05 13:41:50.991498"], ["updated_at", "2022-12-05 13:41:50.991498"]]
  [1m[36mTRANSACTION (75.6ms)[0m  [1m[36mcommit transaction[0m
  [1m[36mTRANSACTION (0.1ms)[0m  [1m[36mbegin transaction[0m
  [1m[36mMessage Create (0.3ms)[0m  [1m[32mINSERT INTO "messages" ("description", "created_at", "updated_at") VALUES (?, ?, ?)[0m  [["description", "Hi there"], ["created_at", "2022-12-05 13:41:51.070418"], ["updated_at", "2022-12-05 13:41:51.070418"]]
  [1m[36mTRANSACTION (65.1ms)[0m  [1m[36mcommit transaction[0m
  [1m[36mTRANSACTION (0.1ms)[0m  [1m[36mbegin transaction[0m
  [1m[36mMessage Create (0.3ms)[0m  [1m[32mINSERT INTO "messages" ("description", "created_at", "updated_at") VALUES (?, ?, ?)[0m  [["description", "Good morning"], ["created_at", "2022-12-05 13:41:51.139947"], ["updated_at", "2022-12-05 13:41:51.139947"]]
  [1m[36mTRANSACTION (65.6ms)[0m  [1m[36mcommit transaction[0m
  [1m[36mTRANSACTION (0.1ms)[0m  [1m[36mbegin transaction[0m
  [1m[36mMessage Create (0.3ms)[0m  [1m[32mINSERT INTO "messages" ("description", "created_at", "updated_at") VALUES (?, ?, ?)[0m  [["description", "Good afternoon"], ["created_at", "2022-12-05 13:41:51.209989"], ["updated_at", "2022-12-05 13:41:51.209989"]]
  [1m[36mTRANSACTION (65.2ms)[0m  [1m[36mcommit transaction[0m
  [1m[36mTRANSACTION (0.1ms)[0m  [1m[36mbegin transaction[0m
  [1m[36mMessage Create (0.3ms)[0m  [1m[32mINSERT INTO "messages" ("description", "created_at", "updated_at") VALUES (?, ?, ?)[0m  [["description", "Good evening"], ["created_at", "2022-12-05 13:41:51.279729"], ["updated_at", "2022-12-05 13:41:51.279729"]]
  [1m[36mTRANSACTION (65.6ms)[0m  [1m[36mcommit transaction[0m
  [1m[36mMessage Count (0.2ms)[0m  [1m[34mSELECT COUNT(*) FROM "messages"[0m
Started GET "/" for ::1 at 2022-12-05 16:22:03 +0200
  [1m[36mActiveRecord::SchemaMigration Pluck (0.1ms)[0m  [1m[34mSELECT "schema_migrations"."version" FROM "schema_migrations" ORDER BY "schema_migrations"."version" ASC[0m
Processing by RootController#index as HTML
  Rendering layout layouts/application.html.erb
  Rendering root/index.html.erb within layouts/application
  Rendered root/index.html.erb within layouts/application (Duration: 0.0ms | Allocations: 13)
  Rendered layout layouts/application.html.erb (Duration: 1.9ms | Allocations: 2616)
Completed 200 OK in 3ms (Views: 2.5ms | ActiveRecord: 0.0ms | Allocations: 3216)


Started GET "/users" for ::1 at 2022-12-05 16:22:08 +0200
  
ActionController::RoutingError (No route matches [GET] "/users"):
  
Started GET "/rails/info/routes" for ::1 at 2022-12-05 16:22:13 +0200
Processing by Rails::InfoController#routes as HTML
  Rendering layout /home/looh16/.rbenv/versions/3.1.2/lib/ruby/gems/3.1.0/gems/railties-7.0.4/lib/rails/templates/layouts/application.html.erb
  Rendering /home/looh16/.rbenv/versions/3.1.2/lib/ruby/gems/3.1.0/gems/railties-7.0.4/lib/rails/templates/rails/info/routes.html.erb within layouts/application
  Rendered collection of /home/looh16/.rbenv/versions/3.1.2/lib/ruby/gems/3.1.0/gems/actionpack-7.0.4/lib/action_dispatch/middleware/templates/routes/_route.html.erb [39 times] (Duration: 9.6ms | Allocations: 6258)
  Rendered /home/looh16/.rbenv/versions/3.1.2/lib/ruby/gems/3.1.0/gems/actionpack-7.0.4/lib/action_dispatch/middleware/templates/routes/_table.html.erb (Duration: 0.8ms | Allocations: 838)
  Rendered /home/looh16/.rbenv/versions/3.1.2/lib/ruby/gems/3.1.0/gems/railties-7.0.4/lib/rails/templates/rails/info/routes.html.erb within layouts/application (Duration: 46.7ms | Allocations: 11622)
  Rendered layout /home/looh16/.rbenv/versions/3.1.2/lib/ruby/gems/3.1.0/gems/railties-7.0.4/lib/rails/templates/layouts/application.html.erb (Duration: 87.1ms | Allocations: 11884)
Completed 200 OK in 90ms (Views: 88.5ms | ActiveRecord: 0.0ms | Allocations: 12826)


Started GET "/api/v1/messages" for ::1 at 2022-12-05 16:22:44 +0200
  
ActionController::RoutingError (uninitialized constant Api::V1::MessagesController

      Object.const_get(camel_cased_word)
            ^^^^^^^^^^

            raise MissingController.new(error.message, error.name)
            ^^^^^):
  
Started GET "/api/v1/messages" for ::1 at 2022-12-05 16:25:18 +0200
  
ActionController::RoutingError (uninitialized constant Api::V1::MessagesController

      Object.const_get(camel_cased_word)
            ^^^^^^^^^^

            raise MissingController.new(error.message, error.name)
            ^^^^^):
  
Started GET "/api/v1/messages" for ::1 at 2022-12-05 16:26:02 +0200
  [1m[36mActiveRecord::SchemaMigration Pluck (0.1ms)[0m  [1m[34mSELECT "schema_migrations"."version" FROM "schema_migrations" ORDER BY "schema_migrations"."version" ASC[0m
  
ActionController::RoutingError (uninitialized constant Api::V1::MessagesController

      Object.const_get(camel_cased_word)
            ^^^^^^^^^^

            raise MissingController.new(error.message, error.name)
            ^^^^^):
  
Started GET "/" for ::1 at 2022-12-05 16:26:07 +0200
Processing by RootController#index as HTML
  Rendering layout layouts/application.html.erb
  Rendering root/index.html.erb within layouts/application
  Rendered root/index.html.erb within layouts/application (Duration: 0.2ms | Allocations: 107)
  Rendered layout layouts/application.html.erb (Duration: 31.8ms | Allocations: 23673)
Completed 200 OK in 35ms (Views: 33.0ms | ActiveRecord: 0.0ms | Allocations: 25629)


Started GET "/api/v1/messages" for ::1 at 2022-12-05 16:26:15 +0200
  
ActionController::RoutingError (uninitialized constant Api::V1::MessagesController

      Object.const_get(camel_cased_word)
            ^^^^^^^^^^

            raise MissingController.new(error.message, error.name)
            ^^^^^):
  
Started GET "/api/v1/messages" for ::1 at 2022-12-05 16:29:55 +0200
  
ActionController::RoutingError (uninitialized constant Api::V1::MessagesController

      Object.const_get(camel_cased_word)
            ^^^^^^^^^^

            raise MissingController.new(error.message, error.name)
            ^^^^^):
  
Started GET "/" for ::1 at 2022-12-05 16:30:00 +0200
Processing by RootController#index as HTML
  Rendering layout layouts/application.html.erb
  Rendering root/index.html.erb within layouts/application
  Rendered root/index.html.erb within layouts/application (Duration: 0.1ms | Allocations: 12)
  Rendered layout layouts/application.html.erb (Duration: 2.8ms | Allocations: 2606)
Completed 200 OK in 5ms (Views: 4.1ms | Allocations: 3182)


Started GET "/api/v1/messages" for ::1 at 2022-12-05 16:30:06 +0200
  
ActionController::RoutingError (uninitialized constant Api::V1::MessagesController

      Object.const_get(camel_cased_word)
            ^^^^^^^^^^

            raise MissingController.new(error.message, error.name)
            ^^^^^):
  
Started GET "/api/v1/messages" for ::1 at 2022-12-05 16:32:58 +0200
  
ActionController::RoutingError (No route matches [GET] "/api/v1/messages"):
  
Started GET "/api/v1/messages" for ::1 at 2022-12-05 16:33:14 +0200
  
ActionController::RoutingError (No route matches [GET] "/api/v1/messages"):
  
Started GET "/api/v1/messages" for ::1 at 2022-12-05 16:35:05 +0200
  [1m[36mActiveRecord::SchemaMigration Pluck (0.1ms)[0m  [1m[34mSELECT "schema_migrations"."version" FROM "schema_migrations" ORDER BY "schema_migrations"."version" ASC[0m
  
ActionController::RoutingError (No route matches [GET] "/api/v1/messages"):
  
Started GET "/api/v1/messages" for ::1 at 2022-12-05 16:35:39 +0200
  
ActionController::RoutingError (No route matches [GET] "/api/v1/messages"):
  
Started GET "/api/v1/message" for ::1 at 2022-12-05 16:35:45 +0200
  
ActionController::RoutingError (uninitialized constant Api::V1::MessageController

      Object.const_get(camel_cased_word)
            ^^^^^^^^^^
Did you mean?  MessagePack

            raise MissingController.new(error.message, error.name)
            ^^^^^):
  
Started GET "/api/v1/message" for ::1 at 2022-12-05 16:37:05 +0200
  
ActionController::RoutingError (No route matches [GET] "/api/v1/message"):
  
Started GET "/api/v1/messages" for ::1 at 2022-12-05 16:37:09 +0200
  
ActionController::RoutingError (uninitialized constant Api::V1::MessagesController

      Object.const_get(camel_cased_word)
            ^^^^^^^^^^

            raise MissingController.new(error.message, error.name)
            ^^^^^):
  
Started GET "/" for ::1 at 2022-12-05 21:17:47 +0200
  [1m[36mActiveRecord::SchemaMigration Pluck (0.2ms)[0m  [1m[34mSELECT "schema_migrations"."version" FROM "schema_migrations" ORDER BY "schema_migrations"."version" ASC[0m
Processing by RootController#index as HTML
  Rendering layout layouts/application.html.erb
  Rendering root/index.html.erb within layouts/application
  Rendered root/index.html.erb within layouts/application (Duration: 10.3ms | Allocations: 282)
  Rendered layout layouts/application.html.erb (Duration: 231.2ms | Allocations: 22807)
Completed 200 OK in 240ms (Views: 233.0ms | ActiveRecord: 0.0ms | Allocations: 25731)


Started GET "/rails/info/routes" for ::1 at 2022-12-05 21:17:58 +0200
Processing by Rails::InfoController#routes as HTML
  Rendering layout /home/looh16/.rbenv/versions/3.1.2/lib/ruby/gems/3.1.0/gems/railties-7.0.4/lib/rails/templates/layouts/application.html.erb
  Rendering /home/looh16/.rbenv/versions/3.1.2/lib/ruby/gems/3.1.0/gems/railties-7.0.4/lib/rails/templates/rails/info/routes.html.erb within layouts/application
  Rendered collection of /home/looh16/.rbenv/versions/3.1.2/lib/ruby/gems/3.1.0/gems/actionpack-7.0.4/lib/action_dispatch/middleware/templates/routes/_route.html.erb [39 times] (Duration: 26.7ms | Allocations: 6394)
  Rendered /home/looh16/.rbenv/versions/3.1.2/lib/ruby/gems/3.1.0/gems/actionpack-7.0.4/lib/action_dispatch/middleware/templates/routes/_table.html.erb (Duration: 113.0ms | Allocations: 1088)
  Rendered /home/looh16/.rbenv/versions/3.1.2/lib/ruby/gems/3.1.0/gems/railties-7.0.4/lib/rails/templates/rails/info/routes.html.erb within layouts/application (Duration: 163.0ms | Allocations: 12144)
  Rendered layout /home/looh16/.rbenv/versions/3.1.2/lib/ruby/gems/3.1.0/gems/railties-7.0.4/lib/rails/templates/layouts/application.html.erb (Duration: 174.3ms | Allocations: 12434)
Completed 200 OK in 314ms (Views: 175.7ms | ActiveRecord: 0.0ms | Allocations: 13383)


Started GET "/api/v1/messages" for ::1 at 2022-12-05 21:18:10 +0200
  
ActionController::RoutingError (uninitialized constant Api::V1::MessagesController

      Object.const_get(camel_cased_word)
            ^^^^^^^^^^

            raise MissingController.new(error.message, error.name)
            ^^^^^):
  
Started GET "/api/v1/messages" for ::1 at 2022-12-05 21:24:33 +0200
  
ActionController::RoutingError (uninitialized constant Api::V1::MessagesController

      Object.const_get(camel_cased_word)
            ^^^^^^^^^^

            raise MissingController.new(error.message, error.name)
            ^^^^^):
  
Started GET "/api/v1/messages" for ::1 at 2022-12-05 21:24:37 +0200
  
ActionController::RoutingError (uninitialized constant Api::V1::MessagesController

      Object.const_get(camel_cased_word)
            ^^^^^^^^^^

            raise MissingController.new(error.message, error.name)
            ^^^^^):
  
Started GET "/rails/info/routes" for ::1 at 2022-12-05 21:37:30 +0200
  [1m[36mActiveRecord::SchemaMigration Pluck (0.1ms)[0m  [1m[34mSELECT "schema_migrations"."version" FROM "schema_migrations" ORDER BY "schema_migrations"."version" ASC[0m
Processing by Rails::InfoController#routes as HTML
  Rendering layout /home/looh16/.rbenv/versions/3.1.2/lib/ruby/gems/3.1.0/gems/railties-7.0.4/lib/rails/templates/layouts/application.html.erb
  Rendering /home/looh16/.rbenv/versions/3.1.2/lib/ruby/gems/3.1.0/gems/railties-7.0.4/lib/rails/templates/rails/info/routes.html.erb within layouts/application
  Rendered collection of /home/looh16/.rbenv/versions/3.1.2/lib/ruby/gems/3.1.0/gems/actionpack-7.0.4/lib/action_dispatch/middleware/templates/routes/_route.html.erb [39 times] (Duration: 44.0ms | Allocations: 6424)
  Rendered /home/looh16/.rbenv/versions/3.1.2/lib/ruby/gems/3.1.0/gems/actionpack-7.0.4/lib/action_dispatch/middleware/templates/routes/_table.html.erb (Duration: 1.9ms | Allocations: 1098)
  Rendered /home/looh16/.rbenv/versions/3.1.2/lib/ruby/gems/3.1.0/gems/railties-7.0.4/lib/rails/templates/rails/info/routes.html.erb within layouts/application (Duration: 49.2ms | Allocations: 12401)
  Rendered layout /home/looh16/.rbenv/versions/3.1.2/lib/ruby/gems/3.1.0/gems/railties-7.0.4/lib/rails/templates/layouts/application.html.erb (Duration: 49.6ms | Allocations: 12705)
Completed 200 OK in 55ms (Views: 51.5ms | ActiveRecord: 0.0ms | Allocations: 15726)


Started GET "/api/v1/messages" for ::1 at 2022-12-05 21:37:42 +0200
Processing by Api::V1::MessagesController#index as HTML
  [1m[36mMessage Load (0.1ms)[0m  [1m[34mSELECT "messages".* FROM "messages"[0m
  ↳ app/controllers/api/v1/messages_controller.rb:6:in `index'
Completed 200 OK in 9ms (Views: 5.3ms | ActiveRecord: 0.5ms | Allocations: 6019)


